{
  "RSpec": {
    "coverage": {
      "/Users/dhireshdattani/Desktop/MAKERS/WEEK10/GildedRose-Refactoring-Kata/spec/gilded_rose_spec.rb": [
        null,
        null,
        1,
        1,
        null,
        1,
        1,
        1,
        1,
        1,
        1,
        1,
        null,
        null,
        1,
        1,
        1,
        1,
        null,
        null,
        1,
        1,
        1,
        1,
        null,
        null,
        1,
        1,
        1,
        1,
        null,
        null,
        1,
        1,
        1,
        1,
        null,
        null,
        null,
        1,
        1,
        1,
        1,
        1,
        null,
        null,
        1,
        1,
        1,
        1,
        null,
        null,
        null,
        1,
        1,
        1,
        1,
        1,
        null,
        null,
        1,
        1,
        1,
        1,
        null,
        null,
        null,
        1,
        1,
        1,
        1,
        1,
        null,
        null,
        1,
        1,
        1,
        1,
        null,
        null,
        1,
        1,
        1,
        1,
        null,
        null,
        1,
        1,
        1,
        1,
        null,
        null,
        null,
        null,
        null,
        null,
        null,
        null,
        null,
        null
      ],
      "/Users/dhireshdattani/Desktop/MAKERS/WEEK10/GildedRose-Refactoring-Kata/lib/gilded_rose.rb": [
        null,
        null,
        1,
        1,
        13,
        null,
        null,
        1,
        13,
        13,
        7,
        null,
        6,
        6,
        null,
        13,
        13,
        5,
        null,
        null,
        null,
        null,
        1,
        null,
        1,
        11,
        8,
        8,
        null,
        null,
        1,
        13,
        null,
        null,
        1,
        13,
        null,
        null,
        1,
        6,
        4,
        4,
        null,
        null,
        1,
        13,
        null,
        null,
        1,
        18,
        null,
        null,
        1,
        25,
        null,
        null
      ],
      "/Users/dhireshdattani/Desktop/MAKERS/WEEK10/GildedRose-Refactoring-Kata/lib/item.rb": [
        null,
        null,
        1,
        1,
        null,
        1,
        13,
        13,
        13,
        null,
        null,
        1,
        0,
        null,
        null
      ]
    },
    "timestamp": 1557420884
  }
}
